#
# A fatal error has been detected by the Java Runtime Environment:
#
#  EXCEPTION_ACCESS_VIOLATION (0xc0000005) at pc=0x0000000061848845, pid=11516, tid=248
#
# JRE version: Java(TM) SE Runtime Environment (8.0_60-b27) (build 1.8.0_60-b27)
# Java VM: Java HotSpot(TM) 64-Bit Server VM (25.60-b23 mixed mode windows-amd64 compressed oops)
# Problematic frame:
# V  [jvm.dll+0x128845]
#
# Failed to write core dump. Minidumps are not enabled by default on client versions of Windows
#
# If you would like to submit a bug report, please visit:
#   http://bugreport.java.com/bugreport/crash.jsp
#

---------------  T H R E A D  ---------------

Current thread (0x0000000020de5800):  JavaThread "JDWP Transport Listener: dt_socket" daemon [_thread_in_vm, id=248, stack(0x00000000218c0000,0x00000000219c0000)]

siginfo: ExceptionCode=0xc0000005, reading address 0xffffffffffffffff

Registers:
RAX=0x00000000219bf801, RBX=0x0000000020de5800, RCX=0x3b6e6f6974706563, RDX=0x0000000000000000
RSP=0x00000000219bf7e0, RBP=0x3b6e6f6974706563, RSI=0x00000000219bf8f8, RDI=0x0000000002bc9cd0
R8 =0x0000000020de5800, R9 =0x0000000000000000, R10=0x0000000000000000, R11=0x0000000000000064
R12=0x0000000000000000, R13=0x0000000020def9d8, R14=0x0000000000000000, R15=0x0000000000000000
RIP=0x0000000061848845, EFLAGS=0x0000000000010206

Top of Stack: (sp=0x00000000219bf7e0)
0x00000000219bf7e0:   0000000020de5800 0000000020de5800
0x00000000219bf7f0:   00000000219bf8a8 0000000061a4e18b
0x00000000219bf800:   0000000020de5800 0000000061a6a9ed
0x00000000219bf810:   0000000000000000 00000000615d9155
0x00000000219bf820:   0000000021164fa8 00000000615e291e
0x00000000219bf830:   0000000020de5800 0000000000000000
0x00000000219bf840:   0000000000000000 0000000000000000
0x00000000219bf850:   3b6e6f6974706563 00000000615e1a15
0x00000000219bf860:   00000000219bf8f8 00000000219bf8d0
0x00000000219bf870:   0000000000000001 0000000021164fa8
0x00000000219bf880:   3b6e6f6974706563 00000000615c53b3
0x00000000219bf890:   00000000219bf9c0 0000000000000001
0x00000000219bf8a0:   0000000000000001 0000000021164fa8
0x00000000219bf8b0:   0000000000000001 0000000000000000
0x00000000219bf8c0:   0000000000000000 0000000000000000
0x00000000219bf8d0:   0000000000000001 00000000615c5571 

Instructions: (pc=0x0000000061848845)
0x0000000061848825:   cc cc cc cc cc cc cc cc cc cc cc 48 83 ec 28 48
0x0000000061848835:   85 c9 75 07 33 c0 48 83 c4 28 c3 48 89 5c 24 20
0x0000000061848845:   48 8b 19 48 85 db 74 20 48 83 fb 37 74 1a 48 8b
0x0000000061848855:   13 48 8b cb ff 52 10 84 c0 74 0d 48 8b c3 48 8b 


Register to memory mapping:

RAX=0x00000000219bf801 is pointing into the stack for thread: 0x0000000020de5800
RBX=0x0000000020de5800 is a thread
RCX=0x3b6e6f6974706563 is an unknown value
RDX=0x0000000000000000 is an unknown value
RSP=0x00000000219bf7e0 is pointing into the stack for thread: 0x0000000020de5800
RBP=0x3b6e6f6974706563 is an unknown value
RSI=0x00000000219bf8f8 is pointing into the stack for thread: 0x0000000020de5800
RDI=0x0000000002bc9cd0 is an unknown value
R8 =0x0000000020de5800 is a thread
R9 =0x0000000000000000 is an unknown value
R10=0x0000000000000000 is an unknown value
R11=0x0000000000000064 is an unknown value
R12=0x0000000000000000 is an unknown value
R13=0x0000000020def9d8 is an unknown value
R14=0x0000000000000000 is an unknown value
R15=0x0000000000000000 is an unknown value


Stack: [0x00000000218c0000,0x00000000219c0000],  sp=0x00000000219bf7e0,  free space=1021k
Native frames: (J=compiled Java code, j=interpreted, Vv=VM code, C=native code)
V  [jvm.dll+0x128845]
V  [jvm.dll+0x34a9ed]
C  [jdwp.dll+0x21a15]
C  [jdwp.dll+0x53b3]
C  [jdwp.dll+0x5571]
C  [jdwp.dll+0xf0a8]
C  [jdwp.dll+0x1f2d5]
C  [jdwp.dll+0x1f4aa]
V  [jvm.dll+0x1bb8e8]
V  [jvm.dll+0x243134]
V  [jvm.dll+0x299f6a]
C  [msvcr100.dll+0x21d9f]
C  [msvcr100.dll+0x21e3b]
C  [KERNEL32.DLL+0x18102]
C  [ntdll.dll+0x5c5b4]


---------------  P R O C E S S  ---------------

Java Threads: ( => current thread )
  0x0000000025cd1800 JavaThread "JS executor for com.gargoylesoftware.htmlunit.WebClient@2f4919b0" daemon [_thread_blocked, id=3208, stack(0x0000000023a90000,0x0000000023b90000)]
  0x0000000022428000 JavaThread "ReaderThread" [_thread_in_native, id=12064, stack(0x0000000023990000,0x0000000023a90000)]
  0x0000000020e49000 JavaThread "Service Thread" daemon [_thread_blocked, id=10060, stack(0x0000000021fc0000,0x00000000220c0000)]
  0x0000000020e10000 JavaThread "C1 CompilerThread3" daemon [_thread_blocked, id=14168, stack(0x0000000021ec0000,0x0000000021fc0000)]
  0x0000000020e0f800 JavaThread "C2 CompilerThread2" daemon [_thread_blocked, id=1816, stack(0x0000000021dc0000,0x0000000021ec0000)]
  0x0000000020e0d800 JavaThread "C2 CompilerThread1" daemon [_thread_blocked, id=10052, stack(0x0000000021cc0000,0x0000000021dc0000)]
  0x0000000020e05000 JavaThread "C2 CompilerThread0" daemon [_thread_blocked, id=3252, stack(0x0000000021bc0000,0x0000000021cc0000)]
  0x0000000020df7000 JavaThread "JDWP Command Reader" daemon [_thread_in_native, id=5900, stack(0x0000000021ac0000,0x0000000021bc0000)]
  0x0000000020df5800 JavaThread "JDWP Event Helper Thread" daemon [_thread_blocked, id=12000, stack(0x00000000219c0000,0x0000000021ac0000)]
=>0x0000000020de5800 JavaThread "JDWP Transport Listener: dt_socket" daemon [_thread_in_vm, id=248, stack(0x00000000218c0000,0x00000000219c0000)]
  0x0000000020dd8000 JavaThread "Attach Listener" daemon [_thread_blocked, id=7536, stack(0x0000000021380000,0x0000000021480000)]
  0x0000000020dd7000 JavaThread "Signal Dispatcher" daemon [_thread_blocked, id=7504, stack(0x0000000021280000,0x0000000021380000)]
  0x000000001edc7000 JavaThread "Finalizer" daemon [_thread_blocked, id=11200, stack(0x0000000020ca0000,0x0000000020da0000)]
  0x000000001edc0000 JavaThread "Reference Handler" daemon [_thread_blocked, id=4068, stack(0x0000000020ba0000,0x0000000020ca0000)]
  0x0000000002cdf800 JavaThread "main" [_thread_blocked, id=12280, stack(0x0000000002bd0000,0x0000000002cd0000)]

Other Threads:
  0x000000001edbb800 VMThread [stack: 0x0000000020aa0000,0x0000000020ba0000] [id=3912]
  0x0000000020f8e800 WatcherThread [stack: 0x00000000220c0000,0x00000000221c0000] [id=2492]

VM state:not at safepoint (normal execution)

VM Mutex/Monitor currently owned by a thread: None

Heap:
 PSYoungGen      total 95744K, used 7053K [0x0000000755a00000, 0x0000000761500000, 0x00000007c0000000)
  eden space 82432K, 8% used [0x0000000755a00000,0x00000007560e3448,0x000000075aa80000)
  from space 13312K, 0% used [0x000000075b780000,0x000000075b780000,0x000000075c480000)
  to   space 13312K, 0% used [0x000000075aa80000,0x000000075aa80000,0x000000075b780000)
 ParOldGen       total 154112K, used 13611K [0x0000000680e00000, 0x000000068a480000, 0x0000000755a00000)
  object space 154112K, 8% used [0x0000000680e00000,0x0000000681b4acc8,0x000000068a480000)
 Metaspace       used 21245K, capacity 21454K, committed 21760K, reserved 1067008K
  class space    used 3768K, capacity 3822K, committed 3840K, reserved 1048576K

Card table byte_map: [0x0000000012190000,0x0000000012b90000] byte_map_base: 0x000000000ed89000

Marking Bits: (ParMarkBitMap*) 0x0000000061f2a5b0
 Begin Bits: [0x0000000013a40000, 0x0000000018a08000)
 End Bits:   [0x0000000018a08000, 0x000000001d9d0000)

Polling page: 0x0000000002ab0000

CodeCache: size=245760Kb used=7190Kb max_used=7261Kb free=238569Kb
 bounds [0x0000000002dd0000, 0x00000000034f0000, 0x0000000011dd0000]
 total_blobs=2364 nmethods=1959 adapters=325
 compilation: enabled

Compilation events (10 events):
Event: 22.715 Thread 0x0000000020e0d800 1957       4       java.util.LinkedList$ListItr::hasNext (20 bytes)
Event: 22.716 Thread 0x0000000020e0d800 nmethod 1957 0x0000000003463dd0 code [0x0000000003463f00, 0x0000000003463fb8]
Event: 54.182 Thread 0x0000000020e0f800 1958       4       java.util.LinkedList::node (65 bytes)
Event: 54.183 Thread 0x0000000020e0f800 nmethod 1958 0x0000000003477e90 code [0x0000000003477fc0, 0x0000000003478078]
Event: 55.346 Thread 0x0000000020e05000 1959       4       java.util.AbstractSequentialList::iterator (5 bytes)
Event: 55.348 Thread 0x0000000020e05000 nmethod 1959 0x0000000003479350 code [0x00000000034794a0, 0x0000000003479658]
Event: 55.386 Thread 0x0000000020e0d800 1960       4       java.util.LinkedList$ListItr::next (56 bytes)
Event: 55.387 Thread 0x0000000020e0d800 nmethod 1960 0x0000000003478f50 code [0x00000000034790a0, 0x00000000034791f8]
Event: 55.437 Thread 0x0000000020e0f800 1961       4       com.gargoylesoftware.htmlunit.javascript.background.DefaultJavaScriptExecutor::getJobManagerWithEarliestJob (89 bytes)
Event: 55.441 Thread 0x0000000020e0f800 nmethod 1961 0x00000000034752d0 code [0x0000000003475460, 0x00000000034759f8]

GC Heap History (6 events):
Event: 0.902 GC heap before
{Heap before GC invocations=1 (full 0):
 PSYoungGen      total 95744K, used 82432K [0x0000000755a00000, 0x000000075c480000, 0x00000007c0000000)
  eden space 82432K, 100% used [0x0000000755a00000,0x000000075aa80000,0x000000075aa80000)
  from space 13312K, 0% used [0x000000075b780000,0x000000075b780000,0x000000075c480000)
  to   space 13312K, 0% used [0x000000075aa80000,0x000000075aa80000,0x000000075b780000)
 ParOldGen       total 218624K, used 0K [0x0000000680e00000, 0x000000068e380000, 0x0000000755a00000)
  object space 218624K, 0% used [0x0000000680e00000,0x0000000680e00000,0x000000068e380000)
 Metaspace       used 14474K, capacity 14572K, committed 14848K, reserved 1060864K
  class space    used 2483K, capacity 2522K, committed 2560K, reserved 1048576K
Event: 0.909 GC heap after
Heap after GC invocations=1 (full 0):
 PSYoungGen      total 95744K, used 10367K [0x0000000755a00000, 0x000000075c480000, 0x00000007c0000000)
  eden space 82432K, 0% used [0x0000000755a00000,0x0000000755a00000,0x000000075aa80000)
  from space 13312K, 77% used [0x000000075aa80000,0x000000075b49fca0,0x000000075b780000)
  to   space 13312K, 0% used [0x000000075b780000,0x000000075b780000,0x000000075c480000)
 ParOldGen       total 218624K, used 80K [0x0000000680e00000, 0x000000068e380000, 0x0000000755a00000)
  object space 218624K, 0% used [0x0000000680e00000,0x0000000680e14010,0x000000068e380000)
 Metaspace       used 14474K, capacity 14572K, committed 14848K, reserved 1060864K
  class space    used 2483K, capacity 2522K, committed 2560K, reserved 1048576K
}
Event: 1.585 GC heap before
{Heap before GC invocations=2 (full 0):
 PSYoungGen      total 95744K, used 82460K [0x0000000755a00000, 0x000000075c480000, 0x00000007c0000000)
  eden space 82432K, 87% used [0x0000000755a00000,0x000000075a067668,0x000000075aa80000)
  from space 13312K, 77% used [0x000000075aa80000,0x000000075b49fca0,0x000000075b780000)
  to   space 13312K, 0% used [0x000000075b780000,0x000000075b780000,0x000000075c480000)
 ParOldGen       total 218624K, used 80K [0x0000000680e00000, 0x000000068e380000, 0x0000000755a00000)
  object space 218624K, 0% used [0x0000000680e00000,0x0000000680e14010,0x000000068e380000)
 Metaspace       used 20967K, capacity 21128K, committed 21248K, reserved 1067008K
  class space    used 3755K, capacity 3821K, committed 3840K, reserved 1048576K
Event: 1.595 GC heap after
Heap after GC invocations=2 (full 0):
 PSYoungGen      total 95744K, used 13290K [0x0000000755a00000, 0x0000000761500000, 0x00000007c0000000)
  eden space 82432K, 0% used [0x0000000755a00000,0x0000000755a00000,0x000000075aa80000)
  from space 13312K, 99% used [0x000000075b780000,0x000000075c47a910,0x000000075c480000)
  to   space 13312K, 0% used [0x000000075aa80000,0x000000075aa80000,0x000000075b780000)
 ParOldGen       total 218624K, used 736K [0x0000000680e00000, 0x000000068e380000, 0x0000000755a00000)
  object space 218624K, 0% used [0x0000000680e00000,0x0000000680eb8368,0x000000068e380000)
 Metaspace       used 20967K, capacity 21128K, committed 21248K, reserved 1067008K
  class space    used 3755K, capacity 3821K, committed 3840K, reserved 1048576K
}
Event: 1.595 GC heap before
{Heap before GC invocations=3 (full 1):
 PSYoungGen      total 95744K, used 13290K [0x0000000755a00000, 0x0000000761500000, 0x00000007c0000000)
  eden space 82432K, 0% used [0x0000000755a00000,0x0000000755a00000,0x000000075aa80000)
  from space 13312K, 99% used [0x000000075b780000,0x000000075c47a910,0x000000075c480000)
  to   space 13312K, 0% used [0x000000075aa80000,0x000000075aa80000,0x000000075b780000)
 ParOldGen       total 218624K, used 736K [0x0000000680e00000, 0x000000068e380000, 0x0000000755a00000)
  object space 218624K, 0% used [0x0000000680e00000,0x0000000680eb8368,0x000000068e380000)
 Metaspace       used 20967K, capacity 21128K, committed 21248K, reserved 1067008K
  class space    used 3755K, capacity 3821K, committed 3840K, reserved 1048576K
Event: 1.633 GC heap after
Heap after GC invocations=3 (full 1):
 PSYoungGen      total 95744K, used 0K [0x0000000755a00000, 0x0000000761500000, 0x00000007c0000000)
  eden space 82432K, 0% used [0x0000000755a00000,0x0000000755a00000,0x000000075aa80000)
  from space 13312K, 0% used [0x000000075b780000,0x000000075b780000,0x000000075c480000)
  to   space 13312K, 0% used [0x000000075aa80000,0x000000075aa80000,0x000000075b780000)
 ParOldGen       total 154112K, used 13611K [0x0000000680e00000, 0x000000068a480000, 0x0000000755a00000)
  object space 154112K, 8% used [0x0000000680e00000,0x0000000681b4acc8,0x000000068a480000)
 Metaspace       used 20967K, capacity 21128K, committed 21248K, reserved 1067008K
  class space    used 3755K, capacity 3821K, committed 3840K, reserved 1048576K
}

Deoptimization events (10 events):
Event: 1.066 Thread 0x0000000002cdf800 Uncommon trap: reason=unstable_if action=reinterpret pc=0x000000000304404c method=sun.misc.MetaIndex.mayContain(Ljava/lang/String;)Z @ 38
Event: 1.120 Thread 0x0000000002cdf800 Uncommon trap: reason=unstable_if action=reinterpret pc=0x000000000321091c method=java.util.HashMap.putMapEntries(Ljava/util/Map;Z)V @ 15
Event: 1.121 Thread 0x0000000002cdf800 Uncommon trap: reason=unstable_if action=reinterpret pc=0x00000000032190e8 method=java.lang.Class.arrayContentsEq([Ljava/lang/Object;[Ljava/lang/Object;)Z @ 38
Event: 1.194 Thread 0x0000000002cdf800 Uncommon trap: reason=unstable_if action=reinterpret pc=0x0000000003283540 method=net.sourceforge.htmlunit.corejs.javascript.ScriptableObject.getSlot(Ljava/lang/String;II)Lnet/sourceforge/htmlunit/corejs/javascript/ScriptableObject$Slot; @ 13
Event: 1.198 Thread 0x0000000002cdf800 Uncommon trap: reason=unstable_if action=reinterpret pc=0x00000000031b83ac method=java.util.ArrayList.<init>(I)V @ 5
Event: 1.205 Thread 0x0000000002cdf800 Uncommon trap: reason=unstable_if action=reinterpret pc=0x0000000002ff8474 method=java.lang.AbstractStringBuilder.append(Ljava/lang/String;)Ljava/lang/AbstractStringBuilder; @ 1
Event: 1.205 Thread 0x0000000002cdf800 Uncommon trap: reason=unstable_if action=reinterpret pc=0x0000000002fd69d0 method=java.lang.AbstractStringBuilder.append(Ljava/lang/String;)Ljava/lang/AbstractStringBuilder; @ 1
Event: 1.217 Thread 0x0000000002cdf800 Uncommon trap: reason=unstable_if action=reinterpret pc=0x00000000031001e4 method=java.lang.CharacterDataLatin1.isWhitespace(I)Z @ 14
Event: 1.297 Thread 0x0000000002cdf800 Uncommon trap: reason=unstable_if action=reinterpret pc=0x0000000002ef1c80 method=java.lang.CharacterData.of(I)Ljava/lang/CharacterData; @ 4
Event: 1.702 Thread 0x0000000002cdf800 Uncommon trap: reason=unstable_if action=reinterpret pc=0x0000000002f24e8c method=sun.nio.cs.UTF_8$Encoder.encode([CII[B)I @ 33

Internal exceptions (10 events):
Event: 0.314 Thread 0x0000000002cdf800 Exception <a 'java/security/PrivilegedActionException'> (0x00000007564ad388) thrown at [C:\re\workspace\8-2-build-windows-amd64-cygwin\jdk8u60\4407\hotspot\src\share\vm\prims\jvm.cpp, line 1386]
Event: 0.557 Thread 0x0000000002cdf800 Exception <a 'java/io/FileNotFoundException'> (0x000000075720d338) thrown at [C:\re\workspace\8-2-build-windows-amd64-cygwin\jdk8u60\4407\hotspot\src\share\vm\prims\jni.cpp, line 709]
Event: 0.598 Thread 0x0000000002cdf800 Implicit null exception at 0x000000000305d314 to 0x000000000305d59d
Event: 0.603 Thread 0x0000000002cdf800 Exception <a 'java/lang/ArrayIndexOutOfBoundsException': 65> (0x0000000757618fa0) thrown at [C:\re\workspace\8-2-build-windows-amd64-cygwin\jdk8u60\4407\hotspot\src\share\vm\interpreter\interpreterRuntime.cpp, line 366]
Event: 0.603 Thread 0x0000000002cdf800 Exception <a 'java/lang/ArrayIndexOutOfBoundsException': 60> (0x000000075761e638) thrown at [C:\re\workspace\8-2-build-windows-amd64-cygwin\jdk8u60\4407\hotspot\src\share\vm\interpreter\interpreterRuntime.cpp, line 366]
Event: 1.073 Thread 0x0000000002cdf800 Exception <a 'java/lang/NoSuchMethodError': org.slf4j.impl.StaticMDCBinder.getSingleton()Lorg/slf4j/impl/StaticMDCBinder;> (0x0000000757c6d380) thrown at [C:\re\workspace\8-2-build-windows-amd64-cygwin\jdk8u60\4407\hotspot\src\share\vm\interpreter\linkResofÓÂªNFó?
Event: 1.205 Thread 0x0000000002cdf800 Implicit null exception at 0x0000000002ff7fd7 to 0x0000000002ff8459
Event: 1.205 Thread 0x0000000002cdf800 Implicit null exception at 0x0000000002fd6557 to 0x0000000002fd69b9
Event: 1.421 Thread 0x0000000002cdf800 Exception <a 'java/lang/NoSuchFieldError': method resolution failed> (0x0000000759ac71f8) thrown at [C:\re\workspace\8-2-build-windows-amd64-cygwin\jdk8u60\4407\hotspot\src\share\vm\prims\methodHandles.cpp, line 1146]
Event: 1.423 Thread 0x0000000002cdf800 Exception <a 'java/lang/NoSuchFieldError': method resolution failed> (0x0000000759ad48b8) thrown at [C:\re\workspace\8-2-build-windows-amd64-cygwin\jdk8u60\4407\hotspot\src\share\vm\prims\methodHandles.cpp, line 1146]

Events (10 events):
Event: 3.778 Executing VM operation: GetOrSetLocal
Event: 3.778 Executing VM operation: GetOrSetLocal done
Event: 4.224 Executing VM operation: EnableBiasedLocking
Event: 4.225 Executing VM operation: EnableBiasedLocking done
Event: 96.651 Executing VM operation: GetOrSetLocal
Event: 96.651 Executing VM operation: GetOrSetLocal done
Event: 96.655 Executing VM operation: GetOrSetLocal
Event: 96.655 Executing VM operation: GetOrSetLocal done
Event: 132.110 Executing VM operation: RedefineClasses
Event: 132.121 Executing VM operation: RedefineClasses done


Dynamic libraries:
0x00007ff7403e0000 - 0x00007ff740417000 	C:\Program Files\Java\jdk1.8.0_60\bin\javaw.exe
0x00007ffe204c0000 - 0x00007ffe20681000 	C:\WINDOWS\SYSTEM32\ntdll.dll
0x00007ffe1ea40000 - 0x00007ffe1eaed000 	C:\WINDOWS\system32\KERNEL32.DLL
0x00007ffe1d6d0000 - 0x00007ffe1d8b8000 	C:\WINDOWS\system32\KERNELBASE.dll
0x00007ffe1e260000 - 0x00007ffe1e307000 	C:\WINDOWS\system32\ADVAPI32.dll
0x00007ffe1e1c0000 - 0x00007ffe1e25d000 	C:\WINDOWS\system32\msvcrt.dll
0x00007ffe1e9e0000 - 0x00007ffe1ea3b000 	C:\WINDOWS\system32\sechost.dll
0x00007ffe1e3c0000 - 0x00007ffe1e4dc000 	C:\WINDOWS\system32\RPCRT4.dll
0x00007ffe1de10000 - 0x00007ffe1df66000 	C:\WINDOWS\system32\USER32.dll
0x00007ffe20330000 - 0x00007ffe204b6000 	C:\WINDOWS\system32\GDI32.dll
0x00007ffe0ecc0000 - 0x00007ffe0ef34000 	C:\WINDOWS\WinSxS\amd64_microsoft.windows.common-controls_6595b64144ccf1df_6.0.10586.494_none_a2d8b04ea53e3145\COMCTL32.dll
0x00007ffe1e760000 - 0x00007ffe1e9dd000 	C:\WINDOWS\system32\combase.dll
0x00007ffe1cbc0000 - 0x00007ffe1cc2a000 	C:\WINDOWS\system32\bcryptPrimitives.dll
0x00007ffe1d8c0000 - 0x00007ffe1d8fb000 	C:\WINDOWS\system32\IMM32.DLL
0x00000000612d0000 - 0x00000000613a2000 	C:\Program Files\Java\jdk1.8.0_60\jre\bin\msvcr100.dll
0x0000000061720000 - 0x0000000061fa9000 	C:\Program Files\Java\jdk1.8.0_60\jre\bin\server\jvm.dll
0x00007ffe1e640000 - 0x00007ffe1e648000 	C:\WINDOWS\system32\PSAPI.DLL
0x00007ffdff6a0000 - 0x00007ffdff6a9000 	C:\WINDOWS\SYSTEM32\WSOCK32.dll
0x00007ffe1adb0000 - 0x00007ffe1add3000 	C:\WINDOWS\SYSTEM32\WINMM.dll
0x00007ffe18dd0000 - 0x00007ffe18dda000 	C:\WINDOWS\SYSTEM32\VERSION.dll
0x00007ffe1e150000 - 0x00007ffe1e1bb000 	C:\WINDOWS\system32\WS2_32.dll
0x0000000002a80000 - 0x0000000002aac000 	C:\WINDOWS\SYSTEM32\WINMMBASE.dll
0x00007ffe1cb70000 - 0x00007ffe1cbb3000 	C:\WINDOWS\system32\cfgmgr32.dll
0x0000000061710000 - 0x000000006171f000 	C:\Program Files\Java\jdk1.8.0_60\jre\bin\verify.dll
0x00000000616e0000 - 0x0000000061709000 	C:\Program Files\Java\jdk1.8.0_60\jre\bin\java.dll
0x00000000615c0000 - 0x00000000615f5000 	C:\Program Files\Java\jdk1.8.0_60\jre\bin\jdwp.dll
0x00000000615b0000 - 0x00000000615b8000 	C:\Program Files\Java\jdk1.8.0_60\jre\bin\npt.dll
0x00000000616c0000 - 0x00000000616d6000 	C:\Program Files\Java\jdk1.8.0_60\jre\bin\zip.dll
0x00007ffe1edd0000 - 0x00007ffe2032c000 	C:\WINDOWS\system32\SHELL32.dll
0x00007ffe1cc50000 - 0x00007ffe1d295000 	C:\WINDOWS\system32\windows.storage.dll
0x00007ffe1ebc0000 - 0x00007ffe1ec12000 	C:\WINDOWS\system32\shlwapi.dll
0x00007ffe1cb60000 - 0x00007ffe1cb6f000 	C:\WINDOWS\system32\kernel.appcore.dll
0x00007ffe1d4d0000 - 0x00007ffe1d585000 	C:\WINDOWS\system32\shcore.dll
0x00007ffe1cb00000 - 0x00007ffe1cb4b000 	C:\WINDOWS\system32\powrprof.dll
0x00007ffe1cae0000 - 0x00007ffe1caf4000 	C:\WINDOWS\system32\profapi.dll
0x00000000615a0000 - 0x00000000615a9000 	C:\Program Files\Java\jdk1.8.0_60\jre\bin\dt_socket.dll
0x00007ffe10220000 - 0x00007ffe10236000 	C:\WINDOWS\system32\napinsp.dll
0x00007ffe10240000 - 0x00007ffe1025a000 	C:\WINDOWS\system32\pnrpnsp.dll
0x00007ffe186c0000 - 0x00007ffe186d8000 	C:\WINDOWS\system32\NLAapi.dll
0x00007ffe1c410000 - 0x00007ffe1c46c000 	C:\WINDOWS\System32\mswsock.dll
0x00007ffe1b320000 - 0x00007ffe1b3ca000 	C:\WINDOWS\SYSTEM32\DNSAPI.dll
0x00007ffe1de00000 - 0x00007ffe1de08000 	C:\WINDOWS\system32\NSI.dll
0x00007ffe10290000 - 0x00007ffe1029d000 	C:\WINDOWS\System32\winrnr.dll
0x0000000062860000 - 0x0000000062886000 	C:\Program Files\Bonjour\mdnsNSP.dll
0x00007ffe19830000 - 0x00007ffe19868000 	C:\WINDOWS\SYSTEM32\Iphlpapi.DLL
0x00007ffe14ab0000 - 0x00007ffe14b17000 	C:\WINDOWS\System32\fwpuclnt.dll
0x00007ffe1c6e0000 - 0x00007ffe1c709000 	C:\WINDOWS\SYSTEM32\bcrypt.dll
0x00007ffe136f0000 - 0x00007ffe136fa000 	C:\Windows\System32\rasadhlp.dll
0x00000000616a0000 - 0x00000000616ba000 	C:\Program Files\Java\jdk1.8.0_60\jre\bin\net.dll
0x00007ffe1c4c0000 - 0x00007ffe1c4d7000 	C:\WINDOWS\SYSTEM32\CRYPTSP.dll
0x00007ffe1c150000 - 0x00007ffe1c184000 	C:\WINDOWS\system32\rsaenh.dll
0x00007ffe1c2a0000 - 0x00007ffe1c2bf000 	C:\WINDOWS\SYSTEM32\USERENV.dll
0x00007ffe1c5e0000 - 0x00007ffe1c5eb000 	C:\WINDOWS\SYSTEM32\CRYPTBASE.dll
0x00007ffe14a30000 - 0x00007ffe14a46000 	C:\WINDOWS\SYSTEM32\dhcpcsvc6.DLL
0x00007ffe14a10000 - 0x00007ffe14a2a000 	C:\WINDOWS\SYSTEM32\dhcpcsvc.DLL
0x0000000061680000 - 0x0000000061691000 	C:\Program Files\Java\jdk1.8.0_60\jre\bin\nio.dll
0x00007ffe04d40000 - 0x00007ffe04ecc000 	C:\WINDOWS\SYSTEM32\dbghelp.dll

VM Arguments:
jvm_args: -agentlib:jdwp=transport=dt_socket,suspend=y,address=localhost:2794 -ea -Dfile.encoding=Cp1252 
java_command: org.testng.remote.RemoteTestNG -serport 2793 -protocol json -d C:\Users\One Creed\workspace\AntReminder\test-output C:\Users\ONECRE~1\AppData\Local\Temp\testng-eclipse-2021403876\testng-customsuite.xml
java_class_path (initial): C:\Users\One Creed\.p2\pool\plugins\org.testng.eclipse_6.9.12.201607091356\lib\testng-remote.jar;C:\Users\One Creed\workspace\AntReminder\bin;C:\Users\One Creed\.gradle\caches\modules-2\files-2.1\org.springframework.boot\spring-boot-starter-data-rest\1.3.6.RELEASE\9d6f8de711a20a59a4039d1d33e161c0dbc1b659\spring-boot-starter-data-rest-1.3.6.RELEASE.jar;C:\Users\One Creed\.gradle\caches\modules-2\files-2.1\org.springframework.boot\spring-boot-starter-jersey\1.3.6.RELEASE\a0099be0e099ad470ce16e33d18a73c4a7d63a03\spring-boot-starter-jersey-1.3.6.RELEASE.jar;C:\Users\One Creed\.gradle\caches\modules-2\files-2.1\org.projectlombok\lombok\1.16.6\9d3a47307466b28632bf35f8972ae9d703879416\lombok-1.16.6.jar;C:\Users\One Creed\.gradle\caches\modules-2\files-2.1\org.springframework.boot\spring-boot-starter-security\1.3.6.RELEASE\2bb85b1006cfb31fbd370468b3353fe18972dfe2\spring-boot-starter-security-1.3.6.RELEASE.jar;C:\Users\One Creed\.gradle\caches\modules-2\files-2.1\org.springframework.session\spring-session\1.2.1.RELEASE\2b70ffe3bec8788ba4102a199b1560eeec29eb2\spring-session-1.2.1.RELEASE.jar;C:\Users\One Creed\.gradle\caches\modules-2\files-2.1\org.springframework.boot\spring-boot-starter-velocity\1.3.6.RELEASE\859118fdcb061f3846fd946da915e89a92867846\spring-boot-starter-velocity-1.3.6.RELEASE.jar;C:\Users\One Creed\.gradle\caches\modules-2\files-2.1\org.springframework.boot\spring-boot-starter-web\1.3.6.RELEASE\11ba900b5b21ce547bd902c0021d88c33b9608c2\spring-boot-starter-web-1.3.6.RELEASE.jar;C:\Users\One Creed\.gradle\caches\modules-2\files-2.1\javax.persistence\persistence-api\1.0\5725f57873e05e068803e2bf9d5a8ea3740ffec5\persistence-api-1.0.jar;C:\Users\One Creed\.gradle\caches\modules-2\files-2.1\org.seleniumhq.selenium\htmlunit-driver\2.21\4c19c164835580db1d46887b43392dae0c255d50\htmlunit-driver-2.21.jar;C:\Users\One Creed\.gradle\caches\modules-2\files-2.1\org.seleniumhq.selenium\selenium-support\2.53.0\3706aa8a696d1b7938365a41ee7ca46309a0b2
Launcher Type: SUN_STANDARD

Environment Variables:
PATH=C:\Program Files\Java\jdk1.8.0_60\jre\bin;C:/Program Files/Java/jdk1.8.0_60/bin/../jre/bin/server;C:/Program Files/Java/jdk1.8.0_60/bin/../jre/bin;C:/Program Files/Java/jdk1.8.0_60/bin/../jre/lib/amd64;C:\Program Files (x86)\Intel\iCLS Client\;C:\Program Files\Intel\iCLS Client\;C:\Windows\system32;C:\Windows;C:\Windows\System32\Wbem;C:\Windows\System32\WindowsPowerShell\v1.0\;C:\Program Files\Intel\Intel(R) Management Engine Components\DAL;C:\Program Files\Intel\Intel(R) Management Engine Components\IPT;C:\Program Files (x86)\Intel\Intel(R) Management Engine Components\DAL;C:\Program Files (x86)\Intel\Intel(R) Management Engine Components\IPT;C:\Program Files (x86)\Windows Kits\8.1\Windows Performance Toolkit\;C:\Program Files\Microsoft SQL Server\110\Tools\Binn\;C:\Program Files (x86)\Microsoft SDKs\TypeScript\1.0\;C:\Program Files (x86)\Windows Live\Shared;C:\Program Files (x86)\Skype\Phone\;C:\Program Files (x86)\MATLAB\R2015b\bin;C:\Program Files (x86)\NVIDIA Corporation\PhysX\Common;C:\HashiCorp\Vagrant\bin;C:\Program Files\CMake\bin;G:\MobileDev\Android\android-sdk-windows\platform-tools;G:\Applications\gradle-3.0-milestone-2\bin;G:\Applications\Anaconda3;G:\Applications\Anaconda3\Scripts;G:\Applications\Anaconda3\Library\bin;G:\Applications\lua-5.3.2_Win32_bin;C:\Program Files\Java\jdk1.8.0_60\bin;C:\Users\One Creed\AppData\Local\atom\bin;G:\Google\CloudSDK\google-cloud-sdk\bin;C:\Program Files (x86)\Google\google_appengine\;G:\Applications\jee-neon\eclipse;
USERNAME=One Creed
OS=Windows_NT
PROCESSOR_IDENTIFIER=Intel64 Family 6 Model 60 Stepping 3, GenuineIntel



---------------  S Y S T E M  ---------------

OS: Windows 10.0 , 64 bit Build 10586 (10.0.10586.0)

CPU:total 8 (4 cores per cpu, 2 threads per core) family 6 model 60 stepping 3, cmov, cx8, fxsr, mmx, sse, sse2, sse3, ssse3, sse4.1, sse4.2, popcnt, avx, avx2, aes, clmul, erms, lzcnt, ht, tsc, tscinvbit, bmi1, bmi2

Memory: 4k page, physical 20914104k(14803868k free), swap 24059832k(16578580k free)

vm_info: Java HotSpot(TM) 64-Bit Server VM (25.60-b23) for windows-amd64 JRE (1.8.0_60-b27), built on Aug  4 2015 11:06:27 by "java_re" with MS VC++ 10.0 (VS2010)

time: Mon Jul 25 20:08:56 2016
elapsed time: 132 seconds (0d 0h 2m 12s)

